{"D:\\Proje2 (2)\\mini-crm\\src\\app.js": {"path":"D:\\Proje2 (2)\\mini-crm\\src\\app.js","statementMap":{"0":{"start":{"line":1,"column":16},"end":{"line":1,"column":34}},"1":{"start":{"line":2,"column":15},"end":{"line":2,"column":38}},"2":{"start":{"line":3,"column":15},"end":{"line":3,"column":34}},"3":{"start":{"line":5,"column":24},"end":{"line":5,"column":53}},"4":{"start":{"line":6,"column":21},"end":{"line":6,"column":47}},"5":{"start":{"line":7,"column":23},"end":{"line":7,"column":51}},"6":{"start":{"line":9,"column":12},"end":{"line":9,"column":21}},"7":{"start":{"line":12,"column":0},"end":{"line":12,"column":24}},"8":{"start":{"line":15,"column":0},"end":{"line":36,"column":3}},"9":{"start":{"line":16,"column":21},"end":{"line":16,"column":65}},"10":{"start":{"line":17,"column":26},"end":{"line":17,"column":48}},"11":{"start":{"line":18,"column":18},"end":{"line":18,"column":95}},"12":{"start":{"line":19,"column":2},"end":{"line":19,"column":24}},"13":{"start":{"line":20,"column":2},"end":{"line":20,"column":37}},"14":{"start":{"line":22,"column":16},"end":{"line":22,"column":26}},"15":{"start":{"line":23,"column":2},"end":{"line":33,"column":5}},"16":{"start":{"line":24,"column":23},"end":{"line":24,"column":41}},"17":{"start":{"line":25,"column":18},"end":{"line":25,"column":91}},"18":{"start":{"line":26,"column":4},"end":{"line":32,"column":7}},"19":{"start":{"line":35,"column":2},"end":{"line":35,"column":9}},"20":{"start":{"line":38,"column":0},"end":{"line":38,"column":43}},"21":{"start":{"line":39,"column":0},"end":{"line":39,"column":37}},"22":{"start":{"line":40,"column":0},"end":{"line":40,"column":41}},"23":{"start":{"line":43,"column":0},"end":{"line":51,"column":3}},"24":{"start":{"line":44,"column":2},"end":{"line":48,"column":5}},"25":{"start":{"line":49,"column":17},"end":{"line":49,"column":34}},"26":{"start":{"line":50,"column":2},"end":{"line":50,"column":95}},"27":{"start":{"line":53,"column":0},"end":{"line":53,"column":21}}},"fnMap":{"0":{"name":"(anonymous_0)","decl":{"start":{"line":15,"column":8},"end":{"line":15,"column":9}},"loc":{"start":{"line":15,"column":28},"end":{"line":36,"column":1}},"line":15},"1":{"name":"(anonymous_1)","decl":{"start":{"line":23,"column":19},"end":{"line":23,"column":20}},"loc":{"start":{"line":23,"column":25},"end":{"line":33,"column":3}},"line":23},"2":{"name":"(anonymous_2)","decl":{"start":{"line":43,"column":8},"end":{"line":43,"column":9}},"loc":{"start":{"line":43,"column":27},"end":{"line":51,"column":1}},"line":43}},"branchMap":{"0":{"loc":{"start":{"line":16,"column":21},"end":{"line":16,"column":65}},"type":"binary-expr","locations":[{"start":{"line":16,"column":21},"end":{"line":16,"column":49}},{"start":{"line":16,"column":53},"end":{"line":16,"column":65}}],"line":16},"1":{"loc":{"start":{"line":18,"column":18},"end":{"line":18,"column":95}},"type":"binary-expr","locations":[{"start":{"line":18,"column":18},"end":{"line":18,"column":33}},{"start":{"line":18,"column":37},"end":{"line":18,"column":95}}],"line":18},"2":{"loc":{"start":{"line":25,"column":18},"end":{"line":25,"column":91}},"type":"cond-expr","locations":[{"start":{"line":25,"column":42},"end":{"line":25,"column":49}},{"start":{"line":25,"column":52},"end":{"line":25,"column":91}}],"line":25},"3":{"loc":{"start":{"line":25,"column":52},"end":{"line":25,"column":91}},"type":"cond-expr","locations":[{"start":{"line":25,"column":76},"end":{"line":25,"column":82}},{"start":{"line":25,"column":85},"end":{"line":25,"column":91}}],"line":25},"4":{"loc":{"start":{"line":49,"column":17},"end":{"line":49,"column":34}},"type":"binary-expr","locations":[{"start":{"line":49,"column":17},"end":{"line":49,"column":27}},{"start":{"line":49,"column":31},"end":{"line":49,"column":34}}],"line":49},"5":{"loc":{"start":{"line":50,"column":37},"end":{"line":50,"column":69}},"type":"binary-expr","locations":[{"start":{"line":50,"column":37},"end":{"line":50,"column":48}},{"start":{"line":50,"column":52},"end":{"line":50,"column":69}}],"line":50}},"s":{"0":3,"1":3,"2":3,"3":3,"4":3,"5":3,"6":3,"7":3,"8":3,"9":9,"10":9,"11":9,"12":9,"13":9,"14":9,"15":9,"16":9,"17":9,"18":9,"19":9,"20":3,"21":3,"22":3,"23":3,"24":0,"25":0,"26":0,"27":3},"f":{"0":9,"1":9,"2":0},"b":{"0":[9,0],"1":[9,9],"2":[0,9],"3":[1,8],"4":[0,0],"5":[0,0]},"_coverageSchema":"1a1c01bbd47fc00a2c39e90264f33305004495a9","hash":"bb0215a00119b1f50d910206bb675e239cb8f0b4"}
,"D:\\Proje2 (2)\\mini-crm\\src\\config\\index.js": {"path":"D:\\Proje2 (2)\\mini-crm\\src\\config\\index.js","statementMap":{"0":{"start":{"line":1,"column":0},"end":{"line":1,"column":27}},"1":{"start":{"line":3,"column":12},"end":{"line":3,"column":49}},"2":{"start":{"line":4,"column":18},"end":{"line":4,"column":84}},"3":{"start":{"line":5,"column":20},"end":{"line":9,"column":1}},"4":{"start":{"line":11,"column":0},"end":{"line":33,"column":2}}},"fnMap":{},"branchMap":{"0":{"loc":{"start":{"line":3,"column":12},"end":{"line":3,"column":49}},"type":"binary-expr","locations":[{"start":{"line":3,"column":12},"end":{"line":3,"column":32}},{"start":{"line":3,"column":36},"end":{"line":3,"column":49}}],"line":3},"1":{"loc":{"start":{"line":4,"column":18},"end":{"line":4,"column":84}},"type":"binary-expr","locations":[{"start":{"line":4,"column":18},"end":{"line":4,"column":40}},{"start":{"line":4,"column":45},"end":{"line":4,"column":83}}],"line":4},"2":{"loc":{"start":{"line":4,"column":45},"end":{"line":4,"column":83}},"type":"cond-expr","locations":[{"start":{"line":4,"column":62},"end":{"line":4,"column":70}},{"start":{"line":4,"column":73},"end":{"line":4,"column":83}}],"line":4},"3":{"loc":{"start":{"line":13,"column":10},"end":{"line":13,"column":38}},"type":"binary-expr","locations":[{"start":{"line":13,"column":10},"end":{"line":13,"column":30}},{"start":{"line":13,"column":34},"end":{"line":13,"column":38}}],"line":13},"4":{"loc":{"start":{"line":17,"column":10},"end":{"line":17,"column":44}},"type":"binary-expr","locations":[{"start":{"line":17,"column":10},"end":{"line":17,"column":29}},{"start":{"line":17,"column":33},"end":{"line":17,"column":44}}],"line":17},"5":{"loc":{"start":{"line":18,"column":10},"end":{"line":18,"column":37}},"type":"binary-expr","locations":[{"start":{"line":18,"column":10},"end":{"line":18,"column":29}},{"start":{"line":18,"column":33},"end":{"line":18,"column":37}}],"line":18},"6":{"loc":{"start":{"line":20,"column":6},"end":{"line":21,"column":74}},"type":"binary-expr","locations":[{"start":{"line":20,"column":6},"end":{"line":20,"column":25}},{"start":{"line":21,"column":7},"end":{"line":21,"column":73}}],"line":20},"7":{"loc":{"start":{"line":21,"column":7},"end":{"line":21,"column":73}},"type":"cond-expr","locations":[{"start":{"line":21,"column":32},"end":{"line":21,"column":40}},{"start":{"line":21,"column":43},"end":{"line":21,"column":73}}],"line":21},"8":{"loc":{"start":{"line":21,"column":43},"end":{"line":21,"column":73}},"type":"binary-expr","locations":[{"start":{"line":21,"column":43},"end":{"line":21,"column":59}},{"start":{"line":21,"column":63},"end":{"line":21,"column":73}}],"line":21},"9":{"loc":{"start":{"line":22,"column":14},"end":{"line":22,"column":47}},"type":"binary-expr","locations":[{"start":{"line":22,"column":14},"end":{"line":22,"column":33}},{"start":{"line":22,"column":37},"end":{"line":22,"column":47}}],"line":22},"10":{"loc":{"start":{"line":23,"column":14},"end":{"line":23,"column":68}},"type":"binary-expr","locations":[{"start":{"line":23,"column":14},"end":{"line":23,"column":37}},{"start":{"line":23,"column":41},"end":{"line":23,"column":60}},{"start":{"line":23,"column":64},"end":{"line":23,"column":68}}],"line":23},"11":{"loc":{"start":{"line":25,"column":13},"end":{"line":25,"column":49}},"type":"binary-expr","locations":[{"start":{"line":25,"column":13},"end":{"line":25,"column":35}},{"start":{"line":25,"column":39},"end":{"line":25,"column":49}}],"line":25},"12":{"loc":{"start":{"line":29,"column":11},"end":{"line":29,"column":42}},"type":"binary-expr","locations":[{"start":{"line":29,"column":11},"end":{"line":29,"column":32}},{"start":{"line":29,"column":36},"end":{"line":29,"column":42}}],"line":29},"13":{"loc":{"start":{"line":30,"column":12},"end":{"line":30,"column":44}},"type":"binary-expr","locations":[{"start":{"line":30,"column":12},"end":{"line":30,"column":34}},{"start":{"line":30,"column":38},"end":{"line":30,"column":44}}],"line":30},"14":{"loc":{"start":{"line":31,"column":19},"end":{"line":31,"column":62}},"type":"binary-expr","locations":[{"start":{"line":31,"column":19},"end":{"line":31,"column":46}},{"start":{"line":31,"column":50},"end":{"line":31,"column":62}}],"line":31}},"s":{"0":3,"1":3,"2":3,"3":3,"4":3},"f":{},"b":{"0":[3,0],"1":[3,0],"2":[0,0],"3":[3,3],"4":[3,3],"5":[3,3],"6":[3,3],"7":[3,0],"8":[0,0],"9":[3,3],"10":[3,3,3],"11":[3,0],"12":[3,0],"13":[3,3],"14":[3,3]},"_coverageSchema":"1a1c01bbd47fc00a2c39e90264f33305004495a9","hash":"e20912ccaac5e2099d0d1c0c1aae600055be8264"}
,"D:\\Proje2 (2)\\mini-crm\\src\\lib\\logger.js": {"path":"D:\\Proje2 (2)\\mini-crm\\src\\lib\\logger.js","statementMap":{"0":{"start":{"line":1,"column":45},"end":{"line":1,"column":63}},"1":{"start":{"line":3,"column":17},"end":{"line":3,"column":48}},"2":{"start":{"line":4,"column":18},"end":{"line":4,"column":50}},"3":{"start":{"line":6,"column":19},"end":{"line":6,"column":85}},"4":{"start":{"line":7,"column":19},"end":{"line":7,"column":60}},"5":{"start":{"line":8,"column":19},"end":{"line":17,"column":1}},"6":{"start":{"line":11,"column":23},"end":{"line":11,"column":81}},"7":{"start":{"line":12,"column":4},"end":{"line":14,"column":5}},"8":{"start":{"line":13,"column":6},"end":{"line":13,"column":74}},"9":{"start":{"line":15,"column":4},"end":{"line":15,"column":61}},"10":{"start":{"line":19,"column":15},"end":{"line":23,"column":2}},"11":{"start":{"line":25,"column":0},"end":{"line":25,"column":24}}},"fnMap":{"0":{"name":"(anonymous_0)","decl":{"start":{"line":10,"column":16},"end":{"line":10,"column":17}},"loc":{"start":{"line":10,"column":67},"end":{"line":16,"column":3}},"line":10}},"branchMap":{"0":{"loc":{"start":{"line":3,"column":17},"end":{"line":3,"column":48}},"type":"binary-expr","locations":[{"start":{"line":3,"column":17},"end":{"line":3,"column":38}},{"start":{"line":3,"column":42},"end":{"line":3,"column":48}}],"line":3},"1":{"loc":{"start":{"line":4,"column":18},"end":{"line":4,"column":50}},"type":"binary-expr","locations":[{"start":{"line":4,"column":18},"end":{"line":4,"column":40}},{"start":{"line":4,"column":44},"end":{"line":4,"column":50}}],"line":4},"2":{"loc":{"start":{"line":11,"column":23},"end":{"line":11,"column":81}},"type":"cond-expr","locations":[{"start":{"line":11,"column":50},"end":{"line":11,"column":76}},{"start":{"line":11,"column":79},"end":{"line":11,"column":81}}],"line":11},"3":{"loc":{"start":{"line":12,"column":4},"end":{"line":14,"column":5}},"type":"if","locations":[{"start":{"line":12,"column":4},"end":{"line":14,"column":5}},{"start":{},"end":{}}],"line":12},"4":{"loc":{"start":{"line":21,"column":10},"end":{"line":21,"column":56}},"type":"cond-expr","locations":[{"start":{"line":21,"column":33},"end":{"line":21,"column":43}},{"start":{"line":21,"column":46},"end":{"line":21,"column":56}}],"line":21}},"s":{"0":4,"1":4,"2":4,"3":4,"4":4,"5":4,"6":0,"7":0,"8":0,"9":0,"10":4,"11":4},"f":{"0":0},"b":{"0":[4,0],"1":[4,4],"2":[0,0],"3":[0,0],"4":[0,4]},"_coverageSchema":"1a1c01bbd47fc00a2c39e90264f33305004495a9","hash":"31285c63acd72dae0f7a5de1f8df508ab61998e2"}
,"D:\\Proje2 (2)\\mini-crm\\src\\models\\customer.js": {"path":"D:\\Proje2 (2)\\mini-crm\\src\\models\\customer.js","statementMap":{"0":{"start":{"line":2,"column":0},"end":{"line":45,"column":2}},"1":{"start":{"line":3,"column":19},"end":{"line":42,"column":3}},"2":{"start":{"line":44,"column":2},"end":{"line":44,"column":18}}},"fnMap":{"0":{"name":"(anonymous_0)","decl":{"start":{"line":2,"column":17},"end":{"line":2,"column":18}},"loc":{"start":{"line":2,"column":43},"end":{"line":45,"column":1}},"line":2}},"branchMap":{},"s":{"0":3,"1":3,"2":3},"f":{"0":3},"b":{},"_coverageSchema":"1a1c01bbd47fc00a2c39e90264f33305004495a9","hash":"b769a973a5e685982d698c19dcea9702758215df"}
,"D:\\Proje2 (2)\\mini-crm\\src\\models\\index.js": {"path":"D:\\Proje2 (2)\\mini-crm\\src\\models\\index.js","statementMap":{"0":{"start":{"line":1,"column":22},"end":{"line":1,"column":42}},"1":{"start":{"line":2,"column":15},"end":{"line":2,"column":35}},"2":{"start":{"line":3,"column":15},"end":{"line":3,"column":39}},"3":{"start":{"line":5,"column":25},"end":{"line":10,"column":1}},"4":{"start":{"line":9,"column":20},"end":{"line":9,"column":37}},"5":{"start":{"line":12,"column":0},"end":{"line":14,"column":1}},"6":{"start":{"line":13,"column":2},"end":{"line":13,"column":47}},"7":{"start":{"line":16,"column":18},"end":{"line":21,"column":1}},"8":{"start":{"line":23,"column":11},"end":{"line":23,"column":13}},"9":{"start":{"line":25,"column":0},"end":{"line":25,"column":25}},"10":{"start":{"line":26,"column":0},"end":{"line":26,"column":25}},"11":{"start":{"line":29,"column":0},"end":{"line":29,"column":68}},"12":{"start":{"line":30,"column":0},"end":{"line":30,"column":62}},"13":{"start":{"line":31,"column":0},"end":{"line":31,"column":70}},"14":{"start":{"line":32,"column":0},"end":{"line":32,"column":66}},"15":{"start":{"line":33,"column":0},"end":{"line":33,"column":76}},"16":{"start":{"line":36,"column":0},"end":{"line":36,"column":60}},"17":{"start":{"line":37,"column":0},"end":{"line":37,"column":62}},"18":{"start":{"line":39,"column":0},"end":{"line":39,"column":58}},"19":{"start":{"line":40,"column":0},"end":{"line":40,"column":60}},"20":{"start":{"line":41,"column":0},"end":{"line":41,"column":62}},"21":{"start":{"line":42,"column":0},"end":{"line":42,"column":64}},"22":{"start":{"line":44,"column":0},"end":{"line":44,"column":65}},"23":{"start":{"line":45,"column":0},"end":{"line":45,"column":67}},"24":{"start":{"line":47,"column":0},"end":{"line":47,"column":20}}},"fnMap":{"0":{"name":"(anonymous_0)","decl":{"start":{"line":9,"column":11},"end":{"line":9,"column":12}},"loc":{"start":{"line":9,"column":20},"end":{"line":9,"column":37}},"line":9}},"branchMap":{"0":{"loc":{"start":{"line":12,"column":0},"end":{"line":14,"column":1}},"type":"if","locations":[{"start":{"line":12,"column":0},"end":{"line":14,"column":1}},{"start":{},"end":{}}],"line":12}},"s":{"0":3,"1":3,"2":3,"3":3,"4":110,"5":3,"6":3,"7":3,"8":3,"9":3,"10":3,"11":3,"12":3,"13":3,"14":3,"15":3,"16":3,"17":3,"18":3,"19":3,"20":3,"21":3,"22":3,"23":3,"24":3},"f":{"0":110},"b":{"0":[3,0]},"_coverageSchema":"1a1c01bbd47fc00a2c39e90264f33305004495a9","hash":"dad7fa2f5a4b577ed1442ba3d4f81e9a2e330e2a"}
,"D:\\Proje2 (2)\\mini-crm\\src\\models\\order.js": {"path":"D:\\Proje2 (2)\\mini-crm\\src\\models\\order.js","statementMap":{"0":{"start":{"line":1,"column":0},"end":{"line":32,"column":2}},"1":{"start":{"line":2,"column":16},"end":{"line":29,"column":3}},"2":{"start":{"line":31,"column":2},"end":{"line":31,"column":15}}},"fnMap":{"0":{"name":"(anonymous_0)","decl":{"start":{"line":1,"column":17},"end":{"line":1,"column":18}},"loc":{"start":{"line":1,"column":43},"end":{"line":32,"column":1}},"line":1}},"branchMap":{},"s":{"0":3,"1":3,"2":3},"f":{"0":3},"b":{},"_coverageSchema":"1a1c01bbd47fc00a2c39e90264f33305004495a9","hash":"afb161a0d552c49b54d2beb9801fce5ff6f82be4"}
,"D:\\Proje2 (2)\\mini-crm\\src\\models\\orderItem.js": {"path":"D:\\Proje2 (2)\\mini-crm\\src\\models\\orderItem.js","statementMap":{"0":{"start":{"line":1,"column":0},"end":{"line":38,"column":2}},"1":{"start":{"line":2,"column":20},"end":{"line":35,"column":3}},"2":{"start":{"line":37,"column":2},"end":{"line":37,"column":19}}},"fnMap":{"0":{"name":"(anonymous_0)","decl":{"start":{"line":1,"column":17},"end":{"line":1,"column":18}},"loc":{"start":{"line":1,"column":43},"end":{"line":38,"column":1}},"line":1}},"branchMap":{},"s":{"0":3,"1":3,"2":3},"f":{"0":3},"b":{},"_coverageSchema":"1a1c01bbd47fc00a2c39e90264f33305004495a9","hash":"3f08151adeb389ca123d9f80fca8cc6b64db5341"}
,"D:\\Proje2 (2)\\mini-crm\\src\\models\\product.js": {"path":"D:\\Proje2 (2)\\mini-crm\\src\\models\\product.js","statementMap":{"0":{"start":{"line":1,"column":0},"end":{"line":36,"column":2}},"1":{"start":{"line":2,"column":18},"end":{"line":33,"column":3}},"2":{"start":{"line":35,"column":2},"end":{"line":35,"column":17}}},"fnMap":{"0":{"name":"(anonymous_0)","decl":{"start":{"line":1,"column":17},"end":{"line":1,"column":18}},"loc":{"start":{"line":1,"column":43},"end":{"line":36,"column":1}},"line":1}},"branchMap":{},"s":{"0":3,"1":3,"2":3},"f":{"0":3},"b":{},"_coverageSchema":"1a1c01bbd47fc00a2c39e90264f33305004495a9","hash":"7a396109496cb97bb38886a7ef3c146c70790189"}
,"D:\\Proje2 (2)\\mini-crm\\src\\models\\productPrice.js": {"path":"D:\\Proje2 (2)\\mini-crm\\src\\models\\productPrice.js","statementMap":{"0":{"start":{"line":1,"column":0},"end":{"line":35,"column":2}},"1":{"start":{"line":2,"column":23},"end":{"line":32,"column":3}},"2":{"start":{"line":34,"column":2},"end":{"line":34,"column":22}}},"fnMap":{"0":{"name":"(anonymous_0)","decl":{"start":{"line":1,"column":17},"end":{"line":1,"column":18}},"loc":{"start":{"line":1,"column":43},"end":{"line":35,"column":1}},"line":1}},"branchMap":{},"s":{"0":3,"1":3,"2":3},"f":{"0":3},"b":{},"_coverageSchema":"1a1c01bbd47fc00a2c39e90264f33305004495a9","hash":"486560685614e190f34e6555da1aad2c17f5c40d"}
,"D:\\Proje2 (2)\\mini-crm\\src\\routes\\customers.js": {"path":"D:\\Proje2 (2)\\mini-crm\\src\\routes\\customers.js","statementMap":{"0":{"start":{"line":1,"column":16},"end":{"line":1,"column":34}},"1":{"start":{"line":2,"column":15},"end":{"line":2,"column":31}},"2":{"start":{"line":3,"column":24},"end":{"line":3,"column":62}},"3":{"start":{"line":4,"column":15},"end":{"line":4,"column":39}},"4":{"start":{"line":7,"column":0},"end":{"line":15,"column":3}},"5":{"start":{"line":8,"column":2},"end":{"line":14,"column":3}},"6":{"start":{"line":9,"column":22},"end":{"line":9,"column":59}},"7":{"start":{"line":10,"column":4},"end":{"line":10,"column":24}},"8":{"start":{"line":12,"column":4},"end":{"line":12,"column":53}},"9":{"start":{"line":13,"column":4},"end":{"line":13,"column":14}},"10":{"start":{"line":18,"column":0},"end":{"line":26,"column":3}},"11":{"start":{"line":19,"column":2},"end":{"line":25,"column":3}},"12":{"start":{"line":20,"column":21},"end":{"line":20,"column":67}},"13":{"start":{"line":21,"column":4},"end":{"line":21,"column":35}},"14":{"start":{"line":23,"column":4},"end":{"line":23,"column":53}},"15":{"start":{"line":24,"column":4},"end":{"line":24,"column":14}},"16":{"start":{"line":29,"column":0},"end":{"line":37,"column":3}},"17":{"start":{"line":30,"column":2},"end":{"line":36,"column":3}},"18":{"start":{"line":31,"column":21},"end":{"line":31,"column":73}},"19":{"start":{"line":32,"column":4},"end":{"line":32,"column":23}},"20":{"start":{"line":34,"column":4},"end":{"line":34,"column":52}},"21":{"start":{"line":35,"column":4},"end":{"line":35,"column":14}},"22":{"start":{"line":40,"column":0},"end":{"line":48,"column":3}},"23":{"start":{"line":41,"column":2},"end":{"line":47,"column":3}},"24":{"start":{"line":42,"column":21},"end":{"line":42,"column":82}},"25":{"start":{"line":43,"column":4},"end":{"line":43,"column":23}},"26":{"start":{"line":45,"column":4},"end":{"line":45,"column":53}},"27":{"start":{"line":46,"column":4},"end":{"line":46,"column":14}},"28":{"start":{"line":51,"column":0},"end":{"line":59,"column":3}},"29":{"start":{"line":52,"column":2},"end":{"line":58,"column":3}},"30":{"start":{"line":53,"column":19},"end":{"line":53,"column":70}},"31":{"start":{"line":54,"column":4},"end":{"line":54,"column":21}},"32":{"start":{"line":56,"column":4},"end":{"line":56,"column":53}},"33":{"start":{"line":57,"column":4},"end":{"line":57,"column":14}},"34":{"start":{"line":61,"column":0},"end":{"line":61,"column":24}}},"fnMap":{"0":{"name":"(anonymous_0)","decl":{"start":{"line":7,"column":16},"end":{"line":7,"column":17}},"loc":{"start":{"line":7,"column":42},"end":{"line":15,"column":1}},"line":7},"1":{"name":"(anonymous_1)","decl":{"start":{"line":18,"column":17},"end":{"line":18,"column":18}},"loc":{"start":{"line":18,"column":43},"end":{"line":26,"column":1}},"line":18},"2":{"name":"(anonymous_2)","decl":{"start":{"line":29,"column":19},"end":{"line":29,"column":20}},"loc":{"start":{"line":29,"column":45},"end":{"line":37,"column":1}},"line":29},"3":{"name":"(anonymous_3)","decl":{"start":{"line":40,"column":19},"end":{"line":40,"column":20}},"loc":{"start":{"line":40,"column":45},"end":{"line":48,"column":1}},"line":40},"4":{"name":"(anonymous_4)","decl":{"start":{"line":51,"column":22},"end":{"line":51,"column":23}},"loc":{"start":{"line":51,"column":48},"end":{"line":59,"column":1}},"line":51}},"branchMap":{},"s":{"0":3,"1":3,"2":3,"3":3,"4":3,"5":2,"6":2,"7":2,"8":0,"9":0,"10":3,"11":1,"12":1,"13":1,"14":0,"15":0,"16":3,"17":0,"18":0,"19":0,"20":0,"21":0,"22":3,"23":0,"24":0,"25":0,"26":0,"27":0,"28":3,"29":0,"30":0,"31":0,"32":0,"33":0,"34":3},"f":{"0":2,"1":1,"2":0,"3":0,"4":0},"b":{},"_coverageSchema":"1a1c01bbd47fc00a2c39e90264f33305004495a9","hash":"27a62a8d15e46ee35bca61d03f002b86f69a5fec"}
,"D:\\Proje2 (2)\\mini-crm\\src\\routes\\orders.js": {"path":"D:\\Proje2 (2)\\mini-crm\\src\\routes\\orders.js","statementMap":{"0":{"start":{"line":1,"column":16},"end":{"line":1,"column":34}},"1":{"start":{"line":2,"column":15},"end":{"line":2,"column":31}},"2":{"start":{"line":3,"column":21},"end":{"line":3,"column":56}},"3":{"start":{"line":4,"column":15},"end":{"line":4,"column":39}},"4":{"start":{"line":7,"column":0},"end":{"line":15,"column":3}},"5":{"start":{"line":8,"column":2},"end":{"line":14,"column":3}},"6":{"start":{"line":9,"column":19},"end":{"line":9,"column":50}},"7":{"start":{"line":10,"column":4},"end":{"line":10,"column":21}},"8":{"start":{"line":12,"column":4},"end":{"line":12,"column":50}},"9":{"start":{"line":13,"column":4},"end":{"line":13,"column":14}},"10":{"start":{"line":18,"column":0},"end":{"line":26,"column":3}},"11":{"start":{"line":19,"column":2},"end":{"line":25,"column":3}},"12":{"start":{"line":20,"column":18},"end":{"line":20,"column":64}},"13":{"start":{"line":21,"column":4},"end":{"line":21,"column":20}},"14":{"start":{"line":23,"column":4},"end":{"line":23,"column":49}},"15":{"start":{"line":24,"column":4},"end":{"line":24,"column":14}},"16":{"start":{"line":29,"column":0},"end":{"line":37,"column":3}},"17":{"start":{"line":30,"column":2},"end":{"line":36,"column":3}},"18":{"start":{"line":31,"column":18},"end":{"line":31,"column":58}},"19":{"start":{"line":32,"column":4},"end":{"line":32,"column":32}},"20":{"start":{"line":34,"column":4},"end":{"line":34,"column":50}},"21":{"start":{"line":35,"column":4},"end":{"line":35,"column":14}},"22":{"start":{"line":39,"column":0},"end":{"line":39,"column":24}}},"fnMap":{"0":{"name":"(anonymous_0)","decl":{"start":{"line":7,"column":16},"end":{"line":7,"column":17}},"loc":{"start":{"line":7,"column":42},"end":{"line":15,"column":1}},"line":7},"1":{"name":"(anonymous_1)","decl":{"start":{"line":18,"column":19},"end":{"line":18,"column":20}},"loc":{"start":{"line":18,"column":45},"end":{"line":26,"column":1}},"line":18},"2":{"name":"(anonymous_2)","decl":{"start":{"line":29,"column":17},"end":{"line":29,"column":18}},"loc":{"start":{"line":29,"column":43},"end":{"line":37,"column":1}},"line":29}},"branchMap":{},"s":{"0":3,"1":3,"2":3,"3":3,"4":3,"5":0,"6":0,"7":0,"8":0,"9":0,"10":3,"11":0,"12":0,"13":0,"14":0,"15":0,"16":3,"17":2,"18":2,"19":1,"20":1,"21":1,"22":3},"f":{"0":0,"1":0,"2":2},"b":{},"_coverageSchema":"1a1c01bbd47fc00a2c39e90264f33305004495a9","hash":"1e95182a6db3222f277b7e39d8eafa71ca79c516"}
,"D:\\Proje2 (2)\\mini-crm\\src\\routes\\products.js": {"path":"D:\\Proje2 (2)\\mini-crm\\src\\routes\\products.js","statementMap":{"0":{"start":{"line":1,"column":16},"end":{"line":1,"column":34}},"1":{"start":{"line":2,"column":15},"end":{"line":2,"column":31}},"2":{"start":{"line":3,"column":23},"end":{"line":3,"column":60}},"3":{"start":{"line":4,"column":15},"end":{"line":4,"column":39}},"4":{"start":{"line":7,"column":0},"end":{"line":15,"column":3}},"5":{"start":{"line":8,"column":2},"end":{"line":14,"column":3}},"6":{"start":{"line":9,"column":21},"end":{"line":9,"column":56}},"7":{"start":{"line":10,"column":4},"end":{"line":10,"column":23}},"8":{"start":{"line":12,"column":4},"end":{"line":12,"column":52}},"9":{"start":{"line":13,"column":4},"end":{"line":13,"column":14}},"10":{"start":{"line":18,"column":0},"end":{"line":26,"column":3}},"11":{"start":{"line":19,"column":2},"end":{"line":25,"column":3}},"12":{"start":{"line":20,"column":20},"end":{"line":20,"column":64}},"13":{"start":{"line":21,"column":4},"end":{"line":21,"column":34}},"14":{"start":{"line":23,"column":4},"end":{"line":23,"column":52}},"15":{"start":{"line":24,"column":4},"end":{"line":24,"column":14}},"16":{"start":{"line":29,"column":0},"end":{"line":37,"column":3}},"17":{"start":{"line":30,"column":2},"end":{"line":36,"column":3}},"18":{"start":{"line":31,"column":20},"end":{"line":31,"column":70}},"19":{"start":{"line":32,"column":4},"end":{"line":32,"column":22}},"20":{"start":{"line":34,"column":4},"end":{"line":34,"column":51}},"21":{"start":{"line":35,"column":4},"end":{"line":35,"column":14}},"22":{"start":{"line":40,"column":0},"end":{"line":48,"column":3}},"23":{"start":{"line":41,"column":2},"end":{"line":47,"column":3}},"24":{"start":{"line":42,"column":20},"end":{"line":42,"column":79}},"25":{"start":{"line":43,"column":4},"end":{"line":43,"column":22}},"26":{"start":{"line":45,"column":4},"end":{"line":45,"column":52}},"27":{"start":{"line":46,"column":4},"end":{"line":46,"column":14}},"28":{"start":{"line":51,"column":0},"end":{"line":59,"column":3}},"29":{"start":{"line":52,"column":2},"end":{"line":58,"column":3}},"30":{"start":{"line":53,"column":19},"end":{"line":53,"column":68}},"31":{"start":{"line":54,"column":4},"end":{"line":54,"column":21}},"32":{"start":{"line":56,"column":4},"end":{"line":56,"column":52}},"33":{"start":{"line":57,"column":4},"end":{"line":57,"column":14}},"34":{"start":{"line":61,"column":0},"end":{"line":61,"column":24}}},"fnMap":{"0":{"name":"(anonymous_0)","decl":{"start":{"line":7,"column":16},"end":{"line":7,"column":17}},"loc":{"start":{"line":7,"column":42},"end":{"line":15,"column":1}},"line":7},"1":{"name":"(anonymous_1)","decl":{"start":{"line":18,"column":17},"end":{"line":18,"column":18}},"loc":{"start":{"line":18,"column":43},"end":{"line":26,"column":1}},"line":18},"2":{"name":"(anonymous_2)","decl":{"start":{"line":29,"column":19},"end":{"line":29,"column":20}},"loc":{"start":{"line":29,"column":45},"end":{"line":37,"column":1}},"line":29},"3":{"name":"(anonymous_3)","decl":{"start":{"line":40,"column":19},"end":{"line":40,"column":20}},"loc":{"start":{"line":40,"column":45},"end":{"line":48,"column":1}},"line":40},"4":{"name":"(anonymous_4)","decl":{"start":{"line":51,"column":22},"end":{"line":51,"column":23}},"loc":{"start":{"line":51,"column":48},"end":{"line":59,"column":1}},"line":51}},"branchMap":{},"s":{"0":3,"1":3,"2":3,"3":3,"4":3,"5":1,"6":1,"7":1,"8":0,"9":0,"10":3,"11":1,"12":1,"13":1,"14":0,"15":0,"16":3,"17":0,"18":0,"19":0,"20":0,"21":0,"22":3,"23":1,"24":1,"25":1,"26":0,"27":0,"28":3,"29":1,"30":1,"31":1,"32":0,"33":0,"34":3},"f":{"0":1,"1":1,"2":0,"3":1,"4":1},"b":{},"_coverageSchema":"1a1c01bbd47fc00a2c39e90264f33305004495a9","hash":"aa20e2aa054e6b28b58aec7052ab3a82e9e14e81"}
,"D:\\Proje2 (2)\\mini-crm\\src\\services\\customerService.js": {"path":"D:\\Proje2 (2)\\mini-crm\\src\\services\\customerService.js","statementMap":{"0":{"start":{"line":1,"column":21},"end":{"line":1,"column":41}},"1":{"start":{"line":2,"column":15},"end":{"line":2,"column":39}},"2":{"start":{"line":5,"column":2},"end":{"line":7,"column":5}},"3":{"start":{"line":11,"column":2},"end":{"line":15,"column":3}},"4":{"start":{"line":12,"column":16},"end":{"line":12,"column":50}},"5":{"start":{"line":13,"column":4},"end":{"line":13,"column":21}},"6":{"start":{"line":14,"column":4},"end":{"line":14,"column":14}},"7":{"start":{"line":16,"column":2},"end":{"line":20,"column":3}},"8":{"start":{"line":17,"column":16},"end":{"line":17,"column":55}},"9":{"start":{"line":18,"column":4},"end":{"line":18,"column":21}},"10":{"start":{"line":19,"column":4},"end":{"line":19,"column":14}},"11":{"start":{"line":24,"column":2},"end":{"line":24,"column":35}},"12":{"start":{"line":25,"column":19},"end":{"line":25,"column":49}},"13":{"start":{"line":26,"column":2},"end":{"line":26,"column":63}},"14":{"start":{"line":27,"column":2},"end":{"line":27,"column":18}},"15":{"start":{"line":31,"column":19},"end":{"line":31,"column":46}},"16":{"start":{"line":32,"column":2},"end":{"line":36,"column":3}},"17":{"start":{"line":33,"column":16},"end":{"line":33,"column":47}},"18":{"start":{"line":34,"column":4},"end":{"line":34,"column":21}},"19":{"start":{"line":35,"column":4},"end":{"line":35,"column":14}},"20":{"start":{"line":37,"column":2},"end":{"line":37,"column":18}},"21":{"start":{"line":41,"column":19},"end":{"line":41,"column":44}},"22":{"start":{"line":42,"column":2},"end":{"line":42,"column":33}},"23":{"start":{"line":43,"column":2},"end":{"line":43,"column":63}},"24":{"start":{"line":44,"column":2},"end":{"line":44,"column":18}},"25":{"start":{"line":48,"column":19},"end":{"line":48,"column":44}},"26":{"start":{"line":49,"column":2},"end":{"line":49,"column":27}},"27":{"start":{"line":50,"column":2},"end":{"line":50,"column":63}},"28":{"start":{"line":51,"column":2},"end":{"line":51,"column":31}},"29":{"start":{"line":54,"column":0},"end":{"line":60,"column":2}}},"fnMap":{"0":{"name":"listCustomers","decl":{"start":{"line":4,"column":15},"end":{"line":4,"column":28}},"loc":{"start":{"line":4,"column":31},"end":{"line":8,"column":1}},"line":4},"1":{"name":"validateCustomerPayload","decl":{"start":{"line":10,"column":9},"end":{"line":10,"column":32}},"loc":{"start":{"line":10,"column":42},"end":{"line":21,"column":1}},"line":10},"2":{"name":"createCustomer","decl":{"start":{"line":23,"column":15},"end":{"line":23,"column":29}},"loc":{"start":{"line":23,"column":39},"end":{"line":28,"column":1}},"line":23},"3":{"name":"getCustomerById","decl":{"start":{"line":30,"column":15},"end":{"line":30,"column":30}},"loc":{"start":{"line":30,"column":35},"end":{"line":38,"column":1}},"line":30},"4":{"name":"updateCustomer","decl":{"start":{"line":40,"column":15},"end":{"line":40,"column":29}},"loc":{"start":{"line":40,"column":43},"end":{"line":45,"column":1}},"line":40},"5":{"name":"deleteCustomer","decl":{"start":{"line":47,"column":15},"end":{"line":47,"column":29}},"loc":{"start":{"line":47,"column":34},"end":{"line":52,"column":1}},"line":47}},"branchMap":{"0":{"loc":{"start":{"line":11,"column":2},"end":{"line":15,"column":3}},"type":"if","locations":[{"start":{"line":11,"column":2},"end":{"line":15,"column":3}},{"start":{},"end":{}}],"line":11},"1":{"loc":{"start":{"line":11,"column":6},"end":{"line":11,"column":36}},"type":"binary-expr","locations":[{"start":{"line":11,"column":6},"end":{"line":11,"column":14}},{"start":{"line":11,"column":18},"end":{"line":11,"column":36}}],"line":11},"2":{"loc":{"start":{"line":16,"column":2},"end":{"line":20,"column":3}},"type":"if","locations":[{"start":{"line":16,"column":2},"end":{"line":20,"column":3}},{"start":{},"end":{}}],"line":16},"3":{"loc":{"start":{"line":16,"column":6},"end":{"line":16,"column":38}},"type":"binary-expr","locations":[{"start":{"line":16,"column":6},"end":{"line":16,"column":20}},{"start":{"line":16,"column":24},"end":{"line":16,"column":38}}],"line":16},"4":{"loc":{"start":{"line":32,"column":2},"end":{"line":36,"column":3}},"type":"if","locations":[{"start":{"line":32,"column":2},"end":{"line":36,"column":3}},{"start":{},"end":{}}],"line":32}},"s":{"0":4,"1":4,"2":3,"3":4,"4":1,"5":1,"6":1,"7":3,"8":1,"9":1,"10":1,"11":4,"12":2,"13":2,"14":2,"15":0,"16":0,"17":0,"18":0,"19":0,"20":0,"21":0,"22":0,"23":0,"24":0,"25":0,"26":0,"27":0,"28":0,"29":4},"f":{"0":3,"1":4,"2":4,"3":0,"4":0,"5":0},"b":{"0":[1,3],"1":[4,4],"2":[1,2],"3":[3,1],"4":[0,0]},"_coverageSchema":"1a1c01bbd47fc00a2c39e90264f33305004495a9","hash":"d979a40dda8d88a8cc50d94660b389ce9b9c51be"}
,"D:\\Proje2 (2)\\mini-crm\\src\\services\\orderService.js": {"path":"D:\\Proje2 (2)\\mini-crm\\src\\services\\orderService.js","statementMap":{"0":{"start":{"line":1,"column":59},"end":{"line":1,"column":79}},"1":{"start":{"line":2,"column":15},"end":{"line":2,"column":39}},"2":{"start":{"line":5,"column":2},"end":{"line":8,"column":5}},"3":{"start":{"line":12,"column":16},"end":{"line":14,"column":4}},"4":{"start":{"line":15,"column":2},"end":{"line":19,"column":3}},"5":{"start":{"line":16,"column":16},"end":{"line":16,"column":44}},"6":{"start":{"line":17,"column":4},"end":{"line":17,"column":21}},"7":{"start":{"line":18,"column":4},"end":{"line":18,"column":14}},"8":{"start":{"line":20,"column":2},"end":{"line":20,"column":15}},"9":{"start":{"line":24,"column":2},"end":{"line":28,"column":3}},"10":{"start":{"line":25,"column":16},"end":{"line":25,"column":47}},"11":{"start":{"line":26,"column":4},"end":{"line":26,"column":21}},"12":{"start":{"line":27,"column":4},"end":{"line":27,"column":14}},"13":{"start":{"line":30,"column":19},"end":{"line":30,"column":45}},"14":{"start":{"line":31,"column":2},"end":{"line":40,"column":3}},"15":{"start":{"line":32,"column":65},"end":{"line":32,"column":81}},"16":{"start":{"line":33,"column":4},"end":{"line":37,"column":5}},"17":{"start":{"line":34,"column":18},"end":{"line":34,"column":74}},"18":{"start":{"line":35,"column":6},"end":{"line":35,"column":23}},"19":{"start":{"line":36,"column":6},"end":{"line":36,"column":16}},"20":{"start":{"line":38,"column":18},"end":{"line":38,"column":93}},"21":{"start":{"line":39,"column":4},"end":{"line":39,"column":26}},"22":{"start":{"line":42,"column":19},"end":{"line":44,"column":4}},"23":{"start":{"line":43,"column":42},"end":{"line":43,"column":53}},"24":{"start":{"line":46,"column":2},"end":{"line":50,"column":3}},"25":{"start":{"line":47,"column":16},"end":{"line":47,"column":59}},"26":{"start":{"line":48,"column":4},"end":{"line":48,"column":21}},"27":{"start":{"line":49,"column":4},"end":{"line":49,"column":14}},"28":{"start":{"line":52,"column":24},"end":{"line":52,"column":28}},"29":{"start":{"line":53,"column":19},"end":{"line":66,"column":4}},"30":{"start":{"line":54,"column":20},"end":{"line":54,"column":65}},"31":{"start":{"line":54,"column":41},"end":{"line":54,"column":64}},"32":{"start":{"line":55,"column":16},"end":{"line":55,"column":29}},"33":{"start":{"line":56,"column":22},"end":{"line":56,"column":41}},"34":{"start":{"line":57,"column":4},"end":{"line":59,"column":5}},"35":{"start":{"line":58,"column":6},"end":{"line":58,"column":30}},"36":{"start":{"line":60,"column":4},"end":{"line":65,"column":6}},"37":{"start":{"line":68,"column":22},"end":{"line":68,"column":75}},"38":{"start":{"line":68,"column":52},"end":{"line":68,"column":71}},"39":{"start":{"line":69,"column":17},"end":{"line":69,"column":58}},"40":{"start":{"line":71,"column":16},"end":{"line":101,"column":4}},"41":{"start":{"line":72,"column":20},"end":{"line":79,"column":5}},"42":{"start":{"line":81,"column":4},"end":{"line":99,"column":5}},"43":{"start":{"line":82,"column":6},"end":{"line":91,"column":8}},"44":{"start":{"line":93,"column":6},"end":{"line":98,"column":7}},"45":{"start":{"line":94,"column":8},"end":{"line":97,"column":10}},"46":{"start":{"line":100,"column":4},"end":{"line":100,"column":19}},"47":{"start":{"line":103,"column":2},"end":{"line":103,"column":92}},"48":{"start":{"line":104,"column":2},"end":{"line":104,"column":32}},"49":{"start":{"line":107,"column":0},"end":{"line":111,"column":2}}},"fnMap":{"0":{"name":"listOrders","decl":{"start":{"line":4,"column":15},"end":{"line":4,"column":25}},"loc":{"start":{"line":4,"column":28},"end":{"line":9,"column":1}},"line":4},"1":{"name":"getOrderById","decl":{"start":{"line":11,"column":15},"end":{"line":11,"column":27}},"loc":{"start":{"line":11,"column":32},"end":{"line":21,"column":1}},"line":11},"2":{"name":"createOrder","decl":{"start":{"line":23,"column":15},"end":{"line":23,"column":26}},"loc":{"start":{"line":23,"column":36},"end":{"line":105,"column":1}},"line":23},"3":{"name":"(anonymous_3)","decl":{"start":{"line":43,"column":35},"end":{"line":43,"column":36}},"loc":{"start":{"line":43,"column":42},"end":{"line":43,"column":53}},"line":43},"4":{"name":"(anonymous_4)","decl":{"start":{"line":53,"column":37},"end":{"line":53,"column":38}},"loc":{"start":{"line":53,"column":47},"end":{"line":66,"column":3}},"line":53},"5":{"name":"(anonymous_5)","decl":{"start":{"line":54,"column":34},"end":{"line":54,"column":35}},"loc":{"start":{"line":54,"column":41},"end":{"line":54,"column":64}},"line":54},"6":{"name":"(anonymous_6)","decl":{"start":{"line":68,"column":38},"end":{"line":68,"column":39}},"loc":{"start":{"line":68,"column":52},"end":{"line":68,"column":71}},"line":68},"7":{"name":"(anonymous_7)","decl":{"start":{"line":71,"column":44},"end":{"line":71,"column":45}},"loc":{"start":{"line":71,"column":57},"end":{"line":101,"column":3}},"line":71}},"branchMap":{"0":{"loc":{"start":{"line":15,"column":2},"end":{"line":19,"column":3}},"type":"if","locations":[{"start":{"line":15,"column":2},"end":{"line":19,"column":3}},{"start":{},"end":{}}],"line":15},"1":{"loc":{"start":{"line":24,"column":2},"end":{"line":28,"column":3}},"type":"if","locations":[{"start":{"line":24,"column":2},"end":{"line":28,"column":3}},{"start":{},"end":{}}],"line":24},"2":{"loc":{"start":{"line":24,"column":6},"end":{"line":24,"column":77}},"type":"binary-expr","locations":[{"start":{"line":24,"column":6},"end":{"line":24,"column":14}},{"start":{"line":24,"column":18},"end":{"line":24,"column":47}},{"start":{"line":24,"column":51},"end":{"line":24,"column":77}}],"line":24},"3":{"loc":{"start":{"line":30,"column":19},"end":{"line":30,"column":45}},"type":"binary-expr","locations":[{"start":{"line":30,"column":19},"end":{"line":30,"column":37}},{"start":{"line":30,"column":41},"end":{"line":30,"column":45}}],"line":30},"4":{"loc":{"start":{"line":31,"column":2},"end":{"line":40,"column":3}},"type":"if","locations":[{"start":{"line":31,"column":2},"end":{"line":40,"column":3}},{"start":{},"end":{}}],"line":31},"5":{"loc":{"start":{"line":31,"column":6},"end":{"line":31,"column":37}},"type":"binary-expr","locations":[{"start":{"line":31,"column":6},"end":{"line":31,"column":17}},{"start":{"line":31,"column":21},"end":{"line":31,"column":37}}],"line":31},"6":{"loc":{"start":{"line":33,"column":4},"end":{"line":37,"column":5}},"type":"if","locations":[{"start":{"line":33,"column":4},"end":{"line":37,"column":5}},{"start":{},"end":{}}],"line":33},"7":{"loc":{"start":{"line":33,"column":8},"end":{"line":33,"column":40}},"type":"binary-expr","locations":[{"start":{"line":33,"column":8},"end":{"line":33,"column":18}},{"start":{"line":33,"column":23},"end":{"line":33,"column":29}},{"start":{"line":33,"column":33},"end":{"line":33,"column":39}}],"line":33},"8":{"loc":{"start":{"line":46,"column":2},"end":{"line":50,"column":3}},"type":"if","locations":[{"start":{"line":46,"column":2},"end":{"line":50,"column":3}},{"start":{},"end":{}}],"line":46},"9":{"loc":{"start":{"line":55,"column":16},"end":{"line":55,"column":29}},"type":"binary-expr","locations":[{"start":{"line":55,"column":16},"end":{"line":55,"column":24}},{"start":{"line":55,"column":28},"end":{"line":55,"column":29}}],"line":55},"10":{"loc":{"start":{"line":56,"column":22},"end":{"line":56,"column":41}},"type":"binary-expr","locations":[{"start":{"line":56,"column":22},"end":{"line":56,"column":36}},{"start":{"line":56,"column":40},"end":{"line":56,"column":41}}],"line":56},"11":{"loc":{"start":{"line":57,"column":4},"end":{"line":59,"column":5}},"type":"if","locations":[{"start":{"line":57,"column":4},"end":{"line":59,"column":5}},{"start":{},"end":{}}],"line":57},"12":{"loc":{"start":{"line":57,"column":8},"end":{"line":57,"column":84}},"type":"binary-expr","locations":[{"start":{"line":57,"column":8},"end":{"line":57,"column":29}},{"start":{"line":57,"column":33},"end":{"line":57,"column":58}},{"start":{"line":57,"column":62},"end":{"line":57,"column":84}}],"line":57},"13":{"loc":{"start":{"line":69,"column":17},"end":{"line":69,"column":58}},"type":"cond-expr","locations":[{"start":{"line":69,"column":35},"end":{"line":69,"column":46}},{"start":{"line":69,"column":49},"end":{"line":69,"column":58}}],"line":69},"14":{"loc":{"start":{"line":93,"column":6},"end":{"line":98,"column":7}},"type":"if","locations":[{"start":{"line":93,"column":6},"end":{"line":98,"column":7}},{"start":{},"end":{}}],"line":93},"15":{"loc":{"start":{"line":93,"column":10},"end":{"line":93,"column":87}},"type":"binary-expr","locations":[{"start":{"line":93,"column":10},"end":{"line":93,"column":35}},{"start":{"line":93,"column":39},"end":{"line":93,"column":68}},{"start":{"line":93,"column":72},"end":{"line":93,"column":87}}],"line":93}},"s":{"0":3,"1":3,"2":0,"3":1,"4":1,"5":0,"6":0,"7":0,"8":1,"9":2,"10":0,"11":0,"12":0,"13":2,"14":2,"15":1,"16":1,"17":0,"18":0,"19":0,"20":1,"21":1,"22":2,"23":2,"24":2,"25":1,"26":1,"27":1,"28":1,"29":1,"30":1,"31":1,"32":1,"33":1,"34":1,"35":0,"36":1,"37":1,"38":1,"39":1,"40":1,"41":1,"42":1,"43":1,"44":1,"45":1,"46":1,"47":1,"48":1,"49":3},"f":{"0":0,"1":1,"2":2,"3":2,"4":1,"5":1,"6":1,"7":1},"b":{"0":[0,1],"1":[0,2],"2":[2,2,2],"3":[2,1],"4":[1,1],"5":[2,1],"6":[0,1],"7":[1,1,0],"8":[1,1],"9":[1,0],"10":[1,0],"11":[0,1],"12":[1,1,1],"13":[1,0],"14":[1,0],"15":[1,1,1]},"_coverageSchema":"1a1c01bbd47fc00a2c39e90264f33305004495a9","hash":"d057563f0bf67bc430a8a8888f550329720470b9"}
,"D:\\Proje2 (2)\\mini-crm\\src\\services\\productService.js": {"path":"D:\\Proje2 (2)\\mini-crm\\src\\services\\productService.js","statementMap":{"0":{"start":{"line":1,"column":34},"end":{"line":1,"column":54}},"1":{"start":{"line":2,"column":15},"end":{"line":2,"column":39}},"2":{"start":{"line":5,"column":2},"end":{"line":8,"column":5}},"3":{"start":{"line":12,"column":2},"end":{"line":16,"column":3}},"4":{"start":{"line":13,"column":16},"end":{"line":13,"column":45}},"5":{"start":{"line":14,"column":4},"end":{"line":14,"column":21}},"6":{"start":{"line":15,"column":4},"end":{"line":15,"column":14}},"7":{"start":{"line":17,"column":2},"end":{"line":21,"column":3}},"8":{"start":{"line":18,"column":16},"end":{"line":18,"column":44}},"9":{"start":{"line":19,"column":4},"end":{"line":19,"column":21}},"10":{"start":{"line":20,"column":4},"end":{"line":20,"column":14}},"11":{"start":{"line":25,"column":2},"end":{"line":25,"column":34}},"12":{"start":{"line":26,"column":18},"end":{"line":31,"column":4}},"13":{"start":{"line":33,"column":2},"end":{"line":40,"column":3}},"14":{"start":{"line":34,"column":4},"end":{"line":39,"column":7}},"15":{"start":{"line":42,"column":2},"end":{"line":42,"column":60}},"16":{"start":{"line":43,"column":2},"end":{"line":43,"column":78}},"17":{"start":{"line":47,"column":18},"end":{"line":47,"column":84}},"18":{"start":{"line":48,"column":2},"end":{"line":52,"column":3}},"19":{"start":{"line":49,"column":16},"end":{"line":49,"column":46}},"20":{"start":{"line":50,"column":4},"end":{"line":50,"column":21}},"21":{"start":{"line":51,"column":4},"end":{"line":51,"column":14}},"22":{"start":{"line":53,"column":2},"end":{"line":53,"column":17}},"23":{"start":{"line":57,"column":18},"end":{"line":57,"column":42}},"24":{"start":{"line":58,"column":2},"end":{"line":63,"column":5}},"25":{"start":{"line":65,"column":2},"end":{"line":72,"column":3}},"26":{"start":{"line":66,"column":4},"end":{"line":71,"column":7}},"27":{"start":{"line":74,"column":2},"end":{"line":74,"column":60}},"28":{"start":{"line":75,"column":2},"end":{"line":75,"column":78}},"29":{"start":{"line":79,"column":18},"end":{"line":79,"column":42}},"30":{"start":{"line":80,"column":2},"end":{"line":80,"column":67}},"31":{"start":{"line":81,"column":2},"end":{"line":81,"column":26}},"32":{"start":{"line":82,"column":2},"end":{"line":82,"column":60}},"33":{"start":{"line":83,"column":2},"end":{"line":83,"column":31}},"34":{"start":{"line":86,"column":0},"end":{"line":92,"column":2}}},"fnMap":{"0":{"name":"listProducts","decl":{"start":{"line":4,"column":15},"end":{"line":4,"column":27}},"loc":{"start":{"line":4,"column":30},"end":{"line":9,"column":1}},"line":4},"1":{"name":"validateProductPayload","decl":{"start":{"line":11,"column":9},"end":{"line":11,"column":31}},"loc":{"start":{"line":11,"column":41},"end":{"line":22,"column":1}},"line":11},"2":{"name":"createProduct","decl":{"start":{"line":24,"column":15},"end":{"line":24,"column":28}},"loc":{"start":{"line":24,"column":38},"end":{"line":44,"column":1}},"line":24},"3":{"name":"getProductById","decl":{"start":{"line":46,"column":15},"end":{"line":46,"column":29}},"loc":{"start":{"line":46,"column":34},"end":{"line":54,"column":1}},"line":46},"4":{"name":"updateProduct","decl":{"start":{"line":56,"column":15},"end":{"line":56,"column":28}},"loc":{"start":{"line":56,"column":42},"end":{"line":76,"column":1}},"line":56},"5":{"name":"deleteProduct","decl":{"start":{"line":78,"column":15},"end":{"line":78,"column":28}},"loc":{"start":{"line":78,"column":33},"end":{"line":84,"column":1}},"line":78}},"branchMap":{"0":{"loc":{"start":{"line":12,"column":2},"end":{"line":16,"column":3}},"type":"if","locations":[{"start":{"line":12,"column":2},"end":{"line":16,"column":3}},{"start":{},"end":{}}],"line":12},"1":{"loc":{"start":{"line":12,"column":6},"end":{"line":12,"column":31}},"type":"binary-expr","locations":[{"start":{"line":12,"column":6},"end":{"line":12,"column":14}},{"start":{"line":12,"column":18},"end":{"line":12,"column":31}}],"line":12},"2":{"loc":{"start":{"line":17,"column":2},"end":{"line":21,"column":3}},"type":"if","locations":[{"start":{"line":17,"column":2},"end":{"line":21,"column":3}},{"start":{},"end":{}}],"line":17},"3":{"loc":{"start":{"line":29,"column":19},"end":{"line":29,"column":85}},"type":"cond-expr","locations":[{"start":{"line":29,"column":57},"end":{"line":29,"column":78}},{"start":{"line":29,"column":81},"end":{"line":29,"column":85}}],"line":29},"4":{"loc":{"start":{"line":30,"column":14},"end":{"line":30,"column":38}},"type":"binary-expr","locations":[{"start":{"line":30,"column":14},"end":{"line":30,"column":30}},{"start":{"line":30,"column":34},"end":{"line":30,"column":38}}],"line":30},"5":{"loc":{"start":{"line":33,"column":2},"end":{"line":40,"column":3}},"type":"if","locations":[{"start":{"line":33,"column":2},"end":{"line":40,"column":3}},{"start":{},"end":{}}],"line":33},"6":{"loc":{"start":{"line":33,"column":6},"end":{"line":33,"column":46}},"type":"binary-expr","locations":[{"start":{"line":33,"column":6},"end":{"line":33,"column":23}},{"start":{"line":33,"column":27},"end":{"line":33,"column":46}}],"line":33},"7":{"loc":{"start":{"line":38,"column":16},"end":{"line":38,"column":41}},"type":"binary-expr","locations":[{"start":{"line":38,"column":16},"end":{"line":38,"column":32}},{"start":{"line":38,"column":36},"end":{"line":38,"column":41}}],"line":38},"8":{"loc":{"start":{"line":48,"column":2},"end":{"line":52,"column":3}},"type":"if","locations":[{"start":{"line":48,"column":2},"end":{"line":52,"column":3}},{"start":{},"end":{}}],"line":48},"9":{"loc":{"start":{"line":59,"column":10},"end":{"line":59,"column":38}},"type":"binary-expr","locations":[{"start":{"line":59,"column":10},"end":{"line":59,"column":22}},{"start":{"line":59,"column":26},"end":{"line":59,"column":38}}],"line":59},"10":{"loc":{"start":{"line":60,"column":9},"end":{"line":60,"column":35}},"type":"binary-expr","locations":[{"start":{"line":60,"column":9},"end":{"line":60,"column":20}},{"start":{"line":60,"column":24},"end":{"line":60,"column":35}}],"line":60},"11":{"loc":{"start":{"line":61,"column":19},"end":{"line":61,"column":65}},"type":"binary-expr","locations":[{"start":{"line":61,"column":19},"end":{"line":61,"column":40}},{"start":{"line":61,"column":44},"end":{"line":61,"column":65}}],"line":61},"12":{"loc":{"start":{"line":62,"column":14},"end":{"line":62,"column":50}},"type":"binary-expr","locations":[{"start":{"line":62,"column":14},"end":{"line":62,"column":30}},{"start":{"line":62,"column":34},"end":{"line":62,"column":50}}],"line":62},"13":{"loc":{"start":{"line":65,"column":2},"end":{"line":72,"column":3}},"type":"if","locations":[{"start":{"line":65,"column":2},"end":{"line":72,"column":3}},{"start":{},"end":{}}],"line":65},"14":{"loc":{"start":{"line":65,"column":6},"end":{"line":65,"column":46}},"type":"binary-expr","locations":[{"start":{"line":65,"column":6},"end":{"line":65,"column":23}},{"start":{"line":65,"column":27},"end":{"line":65,"column":46}}],"line":65},"15":{"loc":{"start":{"line":70,"column":16},"end":{"line":70,"column":41}},"type":"binary-expr","locations":[{"start":{"line":70,"column":16},"end":{"line":70,"column":32}},{"start":{"line":70,"column":36},"end":{"line":70,"column":41}}],"line":70}},"s":{"0":3,"1":3,"2":1,"3":1,"4":0,"5":0,"6":0,"7":1,"8":0,"9":0,"10":0,"11":1,"12":1,"13":1,"14":0,"15":1,"16":1,"17":2,"18":2,"19":0,"20":0,"21":0,"22":2,"23":1,"24":1,"25":1,"26":0,"27":1,"28":1,"29":1,"30":1,"31":1,"32":1,"33":1,"34":3},"f":{"0":1,"1":1,"2":1,"3":2,"4":1,"5":1},"b":{"0":[0,1],"1":[1,1],"2":[0,1],"3":[1,0],"4":[1,1],"5":[0,1],"6":[1,0],"7":[0,0],"8":[0,2],"9":[1,0],"10":[1,1],"11":[1,1],"12":[1,1],"13":[0,1],"14":[1,0],"15":[0,0]},"_coverageSchema":"1a1c01bbd47fc00a2c39e90264f33305004495a9","hash":"1f9b6dd079a0c5023851ba7c95212926e6d25b8b"}
}
