TN:
SF:src\app.js
FN:15,(anonymous_0)
FN:23,(anonymous_1)
FN:43,(anonymous_2)
FNF:3
FNH:2
FNDA:9,(anonymous_0)
FNDA:9,(anonymous_1)
FNDA:0,(anonymous_2)
DA:1,3
DA:2,3
DA:3,3
DA:5,3
DA:6,3
DA:7,3
DA:9,3
DA:12,3
DA:15,3
DA:16,9
DA:17,9
DA:18,9
DA:19,9
DA:20,9
DA:22,9
DA:23,9
DA:24,9
DA:25,9
DA:26,9
DA:35,9
DA:38,3
DA:39,3
DA:40,3
DA:43,3
DA:44,0
DA:49,0
DA:50,0
DA:53,3
LF:28
LH:25
BRDA:16,0,0,9
BRDA:16,0,1,0
BRDA:18,1,0,9
BRDA:18,1,1,9
BRDA:25,2,0,0
BRDA:25,2,1,9
BRDA:25,3,0,1
BRDA:25,3,1,8
BRDA:49,4,0,0
BRDA:49,4,1,0
BRDA:50,5,0,0
BRDA:50,5,1,0
BRF:12
BRH:6
end_of_record
TN:
SF:src\config\index.js
FNF:0
FNH:0
DA:1,3
DA:3,3
DA:4,3
DA:5,3
DA:11,3
LF:5
LH:5
BRDA:3,0,0,3
BRDA:3,0,1,0
BRDA:4,1,0,3
BRDA:4,1,1,0
BRDA:4,2,0,0
BRDA:4,2,1,0
BRDA:13,3,0,3
BRDA:13,3,1,3
BRDA:17,4,0,3
BRDA:17,4,1,3
BRDA:18,5,0,3
BRDA:18,5,1,3
BRDA:20,6,0,3
BRDA:20,6,1,3
BRDA:21,7,0,3
BRDA:21,7,1,0
BRDA:21,8,0,0
BRDA:21,8,1,0
BRDA:22,9,0,3
BRDA:22,9,1,3
BRDA:23,10,0,3
BRDA:23,10,1,3
BRDA:23,10,2,3
BRDA:25,11,0,3
BRDA:25,11,1,0
BRDA:29,12,0,3
BRDA:29,12,1,0
BRDA:30,13,0,3
BRDA:30,13,1,3
BRDA:31,14,0,3
BRDA:31,14,1,3
BRF:31
BRH:22
end_of_record
TN:
SF:src\lib\logger.js
FN:10,(anonymous_0)
FNF:1
FNH:0
FNDA:0,(anonymous_0)
DA:1,4
DA:3,4
DA:4,4
DA:6,4
DA:7,4
DA:8,4
DA:11,0
DA:12,0
DA:13,0
DA:15,0
DA:19,4
DA:25,4
LF:12
LH:8
BRDA:3,0,0,4
BRDA:3,0,1,0
BRDA:4,1,0,4
BRDA:4,1,1,4
BRDA:11,2,0,0
BRDA:11,2,1,0
BRDA:12,3,0,0
BRDA:12,3,1,0
BRDA:21,4,0,0
BRDA:21,4,1,4
BRF:10
BRH:4
end_of_record
TN:
SF:src\models\customer.js
FN:2,(anonymous_0)
FNF:1
FNH:1
FNDA:3,(anonymous_0)
DA:2,3
DA:3,3
DA:44,3
LF:3
LH:3
BRF:0
BRH:0
end_of_record
TN:
SF:src\models\index.js
FN:9,(anonymous_0)
FNF:1
FNH:1
FNDA:110,(anonymous_0)
DA:1,3
DA:2,3
DA:3,3
DA:5,3
DA:9,110
DA:12,3
DA:13,3
DA:16,3
DA:23,3
DA:25,3
DA:26,3
DA:29,3
DA:30,3
DA:31,3
DA:32,3
DA:33,3
DA:36,3
DA:37,3
DA:39,3
DA:40,3
DA:41,3
DA:42,3
DA:44,3
DA:45,3
DA:47,3
LF:25
LH:25
BRDA:12,0,0,3
BRDA:12,0,1,0
BRF:2
BRH:1
end_of_record
TN:
SF:src\models\order.js
FN:1,(anonymous_0)
FNF:1
FNH:1
FNDA:3,(anonymous_0)
DA:1,3
DA:2,3
DA:31,3
LF:3
LH:3
BRF:0
BRH:0
end_of_record
TN:
SF:src\models\orderItem.js
FN:1,(anonymous_0)
FNF:1
FNH:1
FNDA:3,(anonymous_0)
DA:1,3
DA:2,3
DA:37,3
LF:3
LH:3
BRF:0
BRH:0
end_of_record
TN:
SF:src\models\product.js
FN:1,(anonymous_0)
FNF:1
FNH:1
FNDA:3,(anonymous_0)
DA:1,3
DA:2,3
DA:35,3
LF:3
LH:3
BRF:0
BRH:0
end_of_record
TN:
SF:src\models\productPrice.js
FN:1,(anonymous_0)
FNF:1
FNH:1
FNDA:3,(anonymous_0)
DA:1,3
DA:2,3
DA:34,3
LF:3
LH:3
BRF:0
BRH:0
end_of_record
TN:
SF:src\routes\customers.js
FN:7,(anonymous_0)
FN:18,(anonymous_1)
FN:29,(anonymous_2)
FN:40,(anonymous_3)
FN:51,(anonymous_4)
FNF:5
FNH:2
FNDA:2,(anonymous_0)
FNDA:1,(anonymous_1)
FNDA:0,(anonymous_2)
FNDA:0,(anonymous_3)
FNDA:0,(anonymous_4)
DA:1,3
DA:2,3
DA:3,3
DA:4,3
DA:7,3
DA:8,2
DA:9,2
DA:10,2
DA:12,0
DA:13,0
DA:18,3
DA:19,1
DA:20,1
DA:21,1
DA:23,0
DA:24,0
DA:29,3
DA:30,0
DA:31,0
DA:32,0
DA:34,0
DA:35,0
DA:40,3
DA:41,0
DA:42,0
DA:43,0
DA:45,0
DA:46,0
DA:51,3
DA:52,0
DA:53,0
DA:54,0
DA:56,0
DA:57,0
DA:61,3
LF:35
LH:16
BRF:0
BRH:0
end_of_record
TN:
SF:src\routes\orders.js
FN:7,(anonymous_0)
FN:18,(anonymous_1)
FN:29,(anonymous_2)
FNF:3
FNH:1
FNDA:0,(anonymous_0)
FNDA:0,(anonymous_1)
FNDA:2,(anonymous_2)
DA:1,3
DA:2,3
DA:3,3
DA:4,3
DA:7,3
DA:8,0
DA:9,0
DA:10,0
DA:12,0
DA:13,0
DA:18,3
DA:19,0
DA:20,0
DA:21,0
DA:23,0
DA:24,0
DA:29,3
DA:30,2
DA:31,2
DA:32,1
DA:34,1
DA:35,1
DA:39,3
LF:23
LH:13
BRF:0
BRH:0
end_of_record
TN:
SF:src\routes\products.js
FN:7,(anonymous_0)
FN:18,(anonymous_1)
FN:29,(anonymous_2)
FN:40,(anonymous_3)
FN:51,(anonymous_4)
FNF:5
FNH:4
FNDA:1,(anonymous_0)
FNDA:1,(anonymous_1)
FNDA:0,(anonymous_2)
FNDA:1,(anonymous_3)
FNDA:1,(anonymous_4)
DA:1,3
DA:2,3
DA:3,3
DA:4,3
DA:7,3
DA:8,1
DA:9,1
DA:10,1
DA:12,0
DA:13,0
DA:18,3
DA:19,1
DA:20,1
DA:21,1
DA:23,0
DA:24,0
DA:29,3
DA:30,0
DA:31,0
DA:32,0
DA:34,0
DA:35,0
DA:40,3
DA:41,1
DA:42,1
DA:43,1
DA:45,0
DA:46,0
DA:51,3
DA:52,1
DA:53,1
DA:54,1
DA:56,0
DA:57,0
DA:61,3
LF:35
LH:22
BRF:0
BRH:0
end_of_record
TN:
SF:src\services\customerService.js
FN:4,listCustomers
FN:10,validateCustomerPayload
FN:23,createCustomer
FN:30,getCustomerById
FN:40,updateCustomer
FN:47,deleteCustomer
FNF:6
FNH:3
FNDA:3,listCustomers
FNDA:4,validateCustomerPayload
FNDA:4,createCustomer
FNDA:0,getCustomerById
FNDA:0,updateCustomer
FNDA:0,deleteCustomer
DA:1,4
DA:2,4
DA:5,3
DA:11,4
DA:12,1
DA:13,1
DA:14,1
DA:16,3
DA:17,1
DA:18,1
DA:19,1
DA:24,4
DA:25,2
DA:26,2
DA:27,2
DA:31,0
DA:32,0
DA:33,0
DA:34,0
DA:35,0
DA:37,0
DA:41,0
DA:42,0
DA:43,0
DA:44,0
DA:48,0
DA:49,0
DA:50,0
DA:51,0
DA:54,4
LF:30
LH:16
BRDA:11,0,0,1
BRDA:11,0,1,3
BRDA:11,1,0,4
BRDA:11,1,1,4
BRDA:16,2,0,1
BRDA:16,2,1,2
BRDA:16,3,0,3
BRDA:16,3,1,1
BRDA:32,4,0,0
BRDA:32,4,1,0
BRF:10
BRH:8
end_of_record
TN:
SF:src\services\orderService.js
FN:4,listOrders
FN:11,getOrderById
FN:23,createOrder
FN:43,(anonymous_3)
FN:53,(anonymous_4)
FN:54,(anonymous_5)
FN:68,(anonymous_6)
FN:71,(anonymous_7)
FNF:8
FNH:7
FNDA:0,listOrders
FNDA:1,getOrderById
FNDA:2,createOrder
FNDA:2,(anonymous_3)
FNDA:1,(anonymous_4)
FNDA:1,(anonymous_5)
FNDA:1,(anonymous_6)
FNDA:1,(anonymous_7)
DA:1,3
DA:2,3
DA:5,0
DA:12,1
DA:15,1
DA:16,0
DA:17,0
DA:18,0
DA:20,1
DA:24,2
DA:25,0
DA:26,0
DA:27,0
DA:30,2
DA:31,2
DA:32,1
DA:33,1
DA:34,0
DA:35,0
DA:36,0
DA:38,1
DA:39,1
DA:42,2
DA:43,2
DA:46,2
DA:47,1
DA:48,1
DA:49,1
DA:52,1
DA:53,1
DA:54,1
DA:55,1
DA:56,1
DA:57,1
DA:58,0
DA:60,1
DA:68,1
DA:69,1
DA:71,1
DA:72,1
DA:81,1
DA:82,1
DA:93,1
DA:94,1
DA:100,1
DA:103,1
DA:104,1
DA:107,3
LF:48
LH:37
BRDA:15,0,0,0
BRDA:15,0,1,1
BRDA:24,1,0,0
BRDA:24,1,1,2
BRDA:24,2,0,2
BRDA:24,2,1,2
BRDA:24,2,2,2
BRDA:30,3,0,2
BRDA:30,3,1,1
BRDA:31,4,0,1
BRDA:31,4,1,1
BRDA:31,5,0,2
BRDA:31,5,1,1
BRDA:33,6,0,0
BRDA:33,6,1,1
BRDA:33,7,0,1
BRDA:33,7,1,1
BRDA:33,7,2,0
BRDA:46,8,0,1
BRDA:46,8,1,1
BRDA:55,9,0,1
BRDA:55,9,1,0
BRDA:56,10,0,1
BRDA:56,10,1,0
BRDA:57,11,0,0
BRDA:57,11,1,1
BRDA:57,12,0,1
BRDA:57,12,1,1
BRDA:57,12,2,1
BRDA:69,13,0,1
BRDA:69,13,1,0
BRDA:93,14,0,1
BRDA:93,14,1,0
BRDA:93,15,0,1
BRDA:93,15,1,1
BRDA:93,15,2,1
BRF:36
BRH:27
end_of_record
TN:
SF:src\services\productService.js
FN:4,listProducts
FN:11,validateProductPayload
FN:24,createProduct
FN:46,getProductById
FN:56,updateProduct
FN:78,deleteProduct
FNF:6
FNH:6
FNDA:1,listProducts
FNDA:1,validateProductPayload
FNDA:1,createProduct
FNDA:2,getProductById
FNDA:1,updateProduct
FNDA:1,deleteProduct
DA:1,3
DA:2,3
DA:5,1
DA:12,1
DA:13,0
DA:14,0
DA:15,0
DA:17,1
DA:18,0
DA:19,0
DA:20,0
DA:25,1
DA:26,1
DA:33,1
DA:34,0
DA:42,1
DA:43,1
DA:47,2
DA:48,2
DA:49,0
DA:50,0
DA:51,0
DA:53,2
DA:57,1
DA:58,1
DA:65,1
DA:66,0
DA:74,1
DA:75,1
DA:79,1
DA:80,1
DA:81,1
DA:82,1
DA:83,1
DA:86,3
LF:35
LH:24
BRDA:12,0,0,0
BRDA:12,0,1,1
BRDA:12,1,0,1
BRDA:12,1,1,1
BRDA:17,2,0,0
BRDA:17,2,1,1
BRDA:29,3,0,1
BRDA:29,3,1,0
BRDA:30,4,0,1
BRDA:30,4,1,1
BRDA:33,5,0,0
BRDA:33,5,1,1
BRDA:33,6,0,1
BRDA:33,6,1,0
BRDA:38,7,0,0
BRDA:38,7,1,0
BRDA:48,8,0,0
BRDA:48,8,1,2
BRDA:59,9,0,1
BRDA:59,9,1,0
BRDA:60,10,0,1
BRDA:60,10,1,1
BRDA:61,11,0,1
BRDA:61,11,1,1
BRDA:62,12,0,1
BRDA:62,12,1,1
BRDA:65,13,0,0
BRDA:65,13,1,1
BRDA:65,14,0,1
BRDA:65,14,1,0
BRDA:70,15,0,0
BRDA:70,15,1,0
BRF:32
BRH:19
end_of_record
